2020-04-29 15:08:39,451 [Worker-1: Loading available Gradle versions] INFO  o.e.b.c.i.u.g.PublishedGradleVersions - Gradle version information cache is up-to-date. Trying to read.
2020-04-29 15:10:46,907 [Worker-10: Update Maven projects configuration] INFO  o.e.m.c.i.p.ProjectConfigurationManager - Update started
2020-04-29 15:10:53,177 [Worker-10: Update Maven projects configuration] INFO  o.e.m.j.i.AbstractJavaProjectConfigurator - Adding source folder /Employee/src/main/java
2020-04-29 15:10:53,178 [Worker-10: Update Maven projects configuration] INFO  o.e.m.j.i.AbstractJavaProjectConfigurator - Adding resource folder /Employee/src/main/resources
2020-04-29 15:10:53,187 [Worker-10: Update Maven projects configuration] INFO  o.e.m.j.i.AbstractJavaProjectConfigurator - Adding resource folder /Employee/src/main/resources
2020-04-29 15:10:53,212 [Worker-10: Update Maven projects configuration] INFO  o.e.m.j.i.AbstractJavaProjectConfigurator - Adding source folder /Employee/src/test/java
2020-04-29 15:10:57,315 [Worker-10: Update Maven projects configuration] INFO  o.e.m.c.i.p.ProjectConfigurationManager - Update completed: 10 sec
2020-04-29 15:30:51,050 [Worker-4: Updating Maven Dependencies] INFO  o.e.m.c.i.l.LifecycleMappingFactory - Using org.eclipse.m2e.jdt.JarLifecycleMapping lifecycle mapping for MavenProject: com.cts.2BA:Employee:0.0.1-SNAPSHOT @ C:\Users\dirit\Desktop\shubshrivatsa\Employee\pom.xml.
2020-04-29 16:03:13,858 [Worker-10: Loading available Gradle versions] INFO  o.e.b.c.i.u.g.PublishedGradleVersions - Gradle version information cache is up-to-date. Trying to read.
2020-04-29 16:15:26,230 [Worker-16: Launching Employee - EmployeeApplication] INFO  o.e.m.c.i.embedder.EclipseLogger - Using 'UTF-8' encoding to copy filtered resources.
2020-04-29 16:15:26,239 [Worker-16: Launching Employee - EmployeeApplication] INFO  o.e.m.c.i.embedder.EclipseLogger - Copying 1 resource
2020-04-29 16:15:26,273 [Worker-16: Launching Employee - EmployeeApplication] INFO  o.e.m.c.i.embedder.EclipseLogger - Copying 0 resource
2020-04-29 16:15:26,281 [Worker-16: Launching Employee - EmployeeApplication] INFO  o.e.m.c.i.embedder.EclipseLogger - Using 'UTF-8' encoding to copy filtered resources.
2020-04-29 16:15:26,281 [Worker-16: Launching Employee - EmployeeApplication] INFO  o.e.m.c.i.embedder.EclipseLogger - skip non existing resourceDirectory C:\Users\dirit\Desktop\shubshrivatsa\Employee\src\test\resources
2020-04-29 16:16:40,427 [Worker-13: Launching Employee - EmployeeApplication] INFO  o.e.m.c.i.embedder.EclipseLogger - Using 'UTF-8' encoding to copy filtered resources.
2020-04-29 16:16:40,433 [Worker-13: Launching Employee - EmployeeApplication] INFO  o.e.m.c.i.embedder.EclipseLogger - Copying 1 resource
2020-04-29 16:16:40,435 [Worker-13: Launching Employee - EmployeeApplication] INFO  o.e.m.c.i.embedder.EclipseLogger - Copying 0 resource
2020-04-29 16:16:40,450 [Worker-13: Launching Employee - EmployeeApplication] INFO  o.e.m.c.i.embedder.EclipseLogger - Using 'UTF-8' encoding to copy filtered resources.
2020-04-29 16:16:40,450 [Worker-13: Launching Employee - EmployeeApplication] INFO  o.e.m.c.i.embedder.EclipseLogger - skip non existing resourceDirectory C:\Users\dirit\Desktop\shubshrivatsa\Employee\src\test\resources
2020-04-29 16:18:02,537 [Worker-14: Launching Employee - EmployeeApplication] INFO  o.e.m.c.i.embedder.EclipseLogger - Using 'UTF-8' encoding to copy filtered resources.
2020-04-29 16:18:02,540 [Worker-14: Launching Employee - EmployeeApplication] INFO  o.e.m.c.i.embedder.EclipseLogger - Copying 1 resource
2020-04-29 16:18:02,543 [Worker-14: Launching Employee - EmployeeApplication] INFO  o.e.m.c.i.embedder.EclipseLogger - Copying 0 resource
2020-04-29 16:18:02,546 [Worker-14: Launching Employee - EmployeeApplication] INFO  o.e.m.c.i.embedder.EclipseLogger - Using 'UTF-8' encoding to copy filtered resources.
2020-04-29 16:18:02,547 [Worker-14: Launching Employee - EmployeeApplication] INFO  o.e.m.c.i.embedder.EclipseLogger - skip non existing resourceDirectory C:\Users\dirit\Desktop\shubshrivatsa\Employee\src\test\resources
2020-04-29 16:23:25,832 [Worker-17: Launching Employee - EmployeeApplication] INFO  o.e.m.c.i.embedder.EclipseLogger - Using 'UTF-8' encoding to copy filtered resources.
2020-04-29 16:23:25,833 [Worker-17: Launching Employee - EmployeeApplication] INFO  o.e.m.c.i.embedder.EclipseLogger - Copying 1 resource
2020-04-29 16:23:25,835 [Worker-17: Launching Employee - EmployeeApplication] INFO  o.e.m.c.i.embedder.EclipseLogger - Copying 0 resource
2020-04-29 16:23:25,839 [Worker-17: Launching Employee - EmployeeApplication] INFO  o.e.m.c.i.embedder.EclipseLogger - Using 'UTF-8' encoding to copy filtered resources.
2020-04-29 16:23:25,839 [Worker-17: Launching Employee - EmployeeApplication] INFO  o.e.m.c.i.embedder.EclipseLogger - skip non existing resourceDirectory C:\Users\dirit\Desktop\shubshrivatsa\Employee\src\test\resources
2020-04-29 16:47:12,760 [Worker-19: Launching Employee - EmployeeApplication] INFO  o.e.m.c.i.embedder.EclipseLogger - Using 'UTF-8' encoding to copy filtered resources.
2020-04-29 16:47:12,761 [Worker-19: Launching Employee - EmployeeApplication] INFO  o.e.m.c.i.embedder.EclipseLogger - Copying 1 resource
2020-04-29 16:47:12,763 [Worker-19: Launching Employee - EmployeeApplication] INFO  o.e.m.c.i.embedder.EclipseLogger - Copying 0 resource
2020-04-29 16:47:12,767 [Worker-19: Launching Employee - EmployeeApplication] INFO  o.e.m.c.i.embedder.EclipseLogger - Using 'UTF-8' encoding to copy filtered resources.
2020-04-29 16:47:12,767 [Worker-19: Launching Employee - EmployeeApplication] INFO  o.e.m.c.i.embedder.EclipseLogger - skip non existing resourceDirectory C:\Users\dirit\Desktop\shubshrivatsa\Employee\src\test\resources
2020-04-29 16:53:42,143 [Worker-15: Launching Employee - EmployeeApplication] INFO  o.e.m.c.i.embedder.EclipseLogger - Using 'UTF-8' encoding to copy filtered resources.
2020-04-29 16:53:42,144 [Worker-15: Launching Employee - EmployeeApplication] INFO  o.e.m.c.i.embedder.EclipseLogger - Copying 1 resource
2020-04-29 16:53:42,146 [Worker-15: Launching Employee - EmployeeApplication] INFO  o.e.m.c.i.embedder.EclipseLogger - Copying 0 resource
2020-04-29 16:53:42,150 [Worker-15: Launching Employee - EmployeeApplication] INFO  o.e.m.c.i.embedder.EclipseLogger - Using 'UTF-8' encoding to copy filtered resources.
2020-04-29 16:53:42,151 [Worker-15: Launching Employee - EmployeeApplication] INFO  o.e.m.c.i.embedder.EclipseLogger - skip non existing resourceDirectory C:\Users\dirit\Desktop\shubshrivatsa\Employee\src\test\resources
2020-04-29 17:18:19,438 [Worker-14: Launching Employee - EmployeeApplication] INFO  o.e.m.c.i.embedder.EclipseLogger - Using 'UTF-8' encoding to copy filtered resources.
2020-04-29 17:18:19,446 [Worker-14: Launching Employee - EmployeeApplication] INFO  o.e.m.c.i.embedder.EclipseLogger - Copying 1 resource
2020-04-29 17:18:19,449 [Worker-14: Launching Employee - EmployeeApplication] INFO  o.e.m.c.i.embedder.EclipseLogger - Copying 0 resource
2020-04-29 17:18:19,453 [Worker-14: Launching Employee - EmployeeApplication] INFO  o.e.m.c.i.embedder.EclipseLogger - Using 'UTF-8' encoding to copy filtered resources.
2020-04-29 17:18:19,453 [Worker-14: Launching Employee - EmployeeApplication] INFO  o.e.m.c.i.embedder.EclipseLogger - skip non existing resourceDirectory C:\Users\dirit\Desktop\shubshrivatsa\Employee\src\test\resources
2020-04-29 17:18:46,349 [Worker-18: Launching Employee - EmployeeApplication] INFO  o.e.m.c.i.embedder.EclipseLogger - Using 'UTF-8' encoding to copy filtered resources.
2020-04-29 17:18:46,349 [Worker-18: Launching Employee - EmployeeApplication] INFO  o.e.m.c.i.embedder.EclipseLogger - Copying 1 resource
2020-04-29 17:18:46,351 [Worker-18: Launching Employee - EmployeeApplication] INFO  o.e.m.c.i.embedder.EclipseLogger - Copying 0 resource
2020-04-29 17:18:46,356 [Worker-18: Launching Employee - EmployeeApplication] INFO  o.e.m.c.i.embedder.EclipseLogger - Using 'UTF-8' encoding to copy filtered resources.
2020-04-29 17:18:46,357 [Worker-18: Launching Employee - EmployeeApplication] INFO  o.e.m.c.i.embedder.EclipseLogger - skip non existing resourceDirectory C:\Users\dirit\Desktop\shubshrivatsa\Employee\src\test\resources
2020-04-29 17:21:30,142 [Worker-20: Launching Employee - EmployeeApplication] INFO  o.e.m.c.i.embedder.EclipseLogger - Using 'UTF-8' encoding to copy filtered resources.
2020-04-29 17:21:30,142 [Worker-20: Launching Employee - EmployeeApplication] INFO  o.e.m.c.i.embedder.EclipseLogger - Copying 1 resource
2020-04-29 17:21:30,144 [Worker-20: Launching Employee - EmployeeApplication] INFO  o.e.m.c.i.embedder.EclipseLogger - Copying 0 resource
2020-04-29 17:21:30,148 [Worker-20: Launching Employee - EmployeeApplication] INFO  o.e.m.c.i.embedder.EclipseLogger - Using 'UTF-8' encoding to copy filtered resources.
2020-04-29 17:21:30,148 [Worker-20: Launching Employee - EmployeeApplication] INFO  o.e.m.c.i.embedder.EclipseLogger - skip non existing resourceDirectory C:\Users\dirit\Desktop\shubshrivatsa\Employee\src\test\resources
2020-04-29 17:24:21,925 [Worker-19: Launching Employee - EmployeeApplication] INFO  o.e.m.c.i.embedder.EclipseLogger - Using 'UTF-8' encoding to copy filtered resources.
2020-04-29 17:24:21,926 [Worker-19: Launching Employee - EmployeeApplication] INFO  o.e.m.c.i.embedder.EclipseLogger - Copying 1 resource
2020-04-29 17:24:21,928 [Worker-19: Launching Employee - EmployeeApplication] INFO  o.e.m.c.i.embedder.EclipseLogger - Copying 0 resource
2020-04-29 17:24:21,935 [Worker-19: Launching Employee - EmployeeApplication] INFO  o.e.m.c.i.embedder.EclipseLogger - Using 'UTF-8' encoding to copy filtered resources.
2020-04-29 17:24:21,935 [Worker-19: Launching Employee - EmployeeApplication] INFO  o.e.m.c.i.embedder.EclipseLogger - skip non existing resourceDirectory C:\Users\dirit\Desktop\shubshrivatsa\Employee\src\test\resources
2020-04-29 19:31:46,105 [Worker-19: Launching Employee - EmployeeApplication] INFO  o.e.m.c.i.embedder.EclipseLogger - Using 'UTF-8' encoding to copy filtered resources.
2020-04-29 19:31:46,106 [Worker-19: Launching Employee - EmployeeApplication] INFO  o.e.m.c.i.embedder.EclipseLogger - Copying 1 resource
2020-04-29 19:31:46,108 [Worker-19: Launching Employee - EmployeeApplication] INFO  o.e.m.c.i.embedder.EclipseLogger - Copying 0 resource
2020-04-29 19:31:46,115 [Worker-19: Launching Employee - EmployeeApplication] INFO  o.e.m.c.i.embedder.EclipseLogger - Using 'UTF-8' encoding to copy filtered resources.
2020-04-29 19:31:46,115 [Worker-19: Launching Employee - EmployeeApplication] INFO  o.e.m.c.i.embedder.EclipseLogger - skip non existing resourceDirectory C:\Users\dirit\Desktop\shubshrivatsa\Employee\src\test\resources
2020-04-29 19:35:42,098 [Worker-19: Launching Employee - EmployeeApplication] INFO  o.e.m.c.i.embedder.EclipseLogger - Using 'UTF-8' encoding to copy filtered resources.
2020-04-29 19:35:42,099 [Worker-19: Launching Employee - EmployeeApplication] INFO  o.e.m.c.i.embedder.EclipseLogger - Copying 1 resource
2020-04-29 19:35:42,101 [Worker-19: Launching Employee - EmployeeApplication] INFO  o.e.m.c.i.embedder.EclipseLogger - Copying 0 resource
2020-04-29 19:35:42,105 [Worker-19: Launching Employee - EmployeeApplication] INFO  o.e.m.c.i.embedder.EclipseLogger - Using 'UTF-8' encoding to copy filtered resources.
2020-04-29 19:35:42,105 [Worker-19: Launching Employee - EmployeeApplication] INFO  o.e.m.c.i.embedder.EclipseLogger - skip non existing resourceDirectory C:\Users\dirit\Desktop\shubshrivatsa\Employee\src\test\resources
2020-04-29 19:43:05,604 [Worker-5: Loading available Gradle versions] INFO  o.e.b.c.i.u.g.PublishedGradleVersions - Gradle version information cache is up-to-date. Trying to read.
2020-04-29 19:50:00,898 [Worker-9: Updating Maven Project] INFO  o.e.m.c.i.p.ProjectConfigurationManager - Update started
2020-04-29 19:50:02,125 [Worker-9: Updating Maven Project] INFO  o.e.m.c.i.l.LifecycleMappingFactory - Using org.eclipse.m2e.jdt.JarLifecycleMapping lifecycle mapping for MavenProject: com.cts.2BA:MyZuulGateway:0.0.1-SNAPSHOT @ C:\Users\dirit\Desktop\shubshrivatsa\MyZuulGateway\pom.xml.
2020-04-29 19:50:03,817 [Worker-9: Updating Maven Project] INFO  o.e.m.j.i.AbstractJavaProjectConfigurator - Adding source folder /MyZuulGateway/src/main/java
2020-04-29 19:50:03,818 [Worker-9: Updating Maven Project] INFO  o.e.m.j.i.AbstractJavaProjectConfigurator - Adding resource folder /MyZuulGateway/src/main/resources
2020-04-29 19:50:03,824 [Worker-9: Updating Maven Project] INFO  o.e.m.j.i.AbstractJavaProjectConfigurator - Adding resource folder /MyZuulGateway/src/main/resources
2020-04-29 19:50:03,829 [Worker-9: Updating Maven Project] INFO  o.e.m.j.i.AbstractJavaProjectConfigurator - Adding source folder /MyZuulGateway/src/test/java
2020-04-29 19:50:05,240 [Worker-9: Updating Maven Project] INFO  o.e.m.c.i.p.ProjectConfigurationManager - Update completed: 4 sec
2020-04-29 20:00:25,146 [Worker-3: Loading available Gradle versions] INFO  o.e.b.c.i.u.g.PublishedGradleVersions - Gradle version information cache is up-to-date. Trying to read.
2020-04-29 20:14:46,632 [Worker-13: Update Maven projects configuration] INFO  o.e.m.c.i.p.ProjectConfigurationManager - Update started
2020-04-29 20:14:49,068 [Worker-13: Update Maven projects configuration] INFO  o.e.m.c.i.l.LifecycleMappingFactory - Using org.eclipse.m2e.jdt.JarLifecycleMapping lifecycle mapping for MavenProject: com.cts.2BA:MyEurekaServer:0.0.1-SNAPSHOT @ C:\Users\dirit\Desktop\shubshrivatsa\MyEurekaServer\pom.xml.
2020-04-29 20:14:53,039 [Worker-13: Update Maven projects configuration] INFO  o.e.m.j.i.AbstractJavaProjectConfigurator - Adding source folder /MyEurekaServer/src/main/java
2020-04-29 20:14:53,040 [Worker-13: Update Maven projects configuration] INFO  o.e.m.j.i.AbstractJavaProjectConfigurator - Adding resource folder /MyEurekaServer/src/main/resources
2020-04-29 20:14:53,055 [Worker-13: Update Maven projects configuration] INFO  o.e.m.j.i.AbstractJavaProjectConfigurator - Adding resource folder /MyEurekaServer/src/main/resources
2020-04-29 20:14:53,073 [Worker-13: Update Maven projects configuration] INFO  o.e.m.j.i.AbstractJavaProjectConfigurator - Adding source folder /MyEurekaServer/src/test/java
2020-04-29 20:14:54,105 [Worker-13: Update Maven projects configuration] INFO  o.e.m.c.i.p.ProjectConfigurationManager - Update completed: 7 sec
2020-04-29 20:14:56,656 [Worker-17: Update Maven projects configuration] INFO  o.e.m.c.i.p.ProjectConfigurationManager - Update started
2020-04-29 20:14:57,262 [Worker-17: Update Maven projects configuration] INFO  o.e.m.c.i.l.LifecycleMappingFactory - Using org.eclipse.m2e.jdt.JarLifecycleMapping lifecycle mapping for MavenProject: com.example:Project:0.0.1-SNAPSHOT @ C:\Users\dirit\Desktop\shubshrivatsa\Project\pom.xml.
2020-04-29 20:14:59,708 [Worker-17: Update Maven projects configuration] INFO  o.e.m.j.i.AbstractJavaProjectConfigurator - Adding source folder /Project/src/main/java
2020-04-29 20:14:59,708 [Worker-17: Update Maven projects configuration] INFO  o.e.m.j.i.AbstractJavaProjectConfigurator - Adding resource folder /Project/src/main/resources
2020-04-29 20:14:59,717 [Worker-17: Update Maven projects configuration] INFO  o.e.m.j.i.AbstractJavaProjectConfigurator - Adding resource folder /Project/src/main/resources
2020-04-29 20:14:59,730 [Worker-17: Update Maven projects configuration] INFO  o.e.m.j.i.AbstractJavaProjectConfigurator - Adding source folder /Project/src/test/java
2020-04-29 20:15:02,014 [Worker-17: Update Maven projects configuration] INFO  o.e.m.c.i.p.ProjectConfigurationManager - Update completed: 5 sec
2020-04-29 20:18:41,170 [Worker-20: Launching MyEurekaServer - MyEurekaServerApplication] INFO  o.e.m.c.i.embedder.EclipseLogger - Using 'UTF-8' encoding to copy filtered resources.
2020-04-29 20:18:41,181 [Worker-20: Launching MyEurekaServer - MyEurekaServerApplication] INFO  o.e.m.c.i.embedder.EclipseLogger - Copying 1 resource
2020-04-29 20:18:41,215 [Worker-20: Launching MyEurekaServer - MyEurekaServerApplication] INFO  o.e.m.c.i.embedder.EclipseLogger - Copying 0 resource
2020-04-29 20:18:41,222 [Worker-20: Launching MyEurekaServer - MyEurekaServerApplication] INFO  o.e.m.c.i.embedder.EclipseLogger - Using 'UTF-8' encoding to copy filtered resources.
2020-04-29 20:18:41,222 [Worker-20: Launching MyEurekaServer - MyEurekaServerApplication] INFO  o.e.m.c.i.embedder.EclipseLogger - skip non existing resourceDirectory C:\Users\dirit\Desktop\shubshrivatsa\MyEurekaServer\src\test\resources
2020-04-29 20:19:29,213 [Worker-20: Launching Employee - EmployeeApplication] INFO  o.e.m.c.i.embedder.EclipseLogger - Using 'UTF-8' encoding to copy filtered resources.
2020-04-29 20:19:29,214 [Worker-20: Launching Employee - EmployeeApplication] INFO  o.e.m.c.i.embedder.EclipseLogger - Copying 1 resource
2020-04-29 20:19:29,218 [Worker-20: Launching Employee - EmployeeApplication] INFO  o.e.m.c.i.embedder.EclipseLogger - Copying 0 resource
2020-04-29 20:19:29,221 [Worker-20: Launching Employee - EmployeeApplication] INFO  o.e.m.c.i.embedder.EclipseLogger - Using 'UTF-8' encoding to copy filtered resources.
2020-04-29 20:19:29,222 [Worker-20: Launching Employee - EmployeeApplication] INFO  o.e.m.c.i.embedder.EclipseLogger - skip non existing resourceDirectory C:\Users\dirit\Desktop\shubshrivatsa\Employee\src\test\resources
2020-04-29 20:20:43,076 [Worker-14: Launching MyZuulGateway - MyZuulGatewayApplication] INFO  o.e.m.c.i.embedder.EclipseLogger - Using 'UTF-8' encoding to copy filtered resources.
2020-04-29 20:20:43,078 [Worker-14: Launching MyZuulGateway - MyZuulGatewayApplication] INFO  o.e.m.c.i.embedder.EclipseLogger - Copying 1 resource
2020-04-29 20:20:43,080 [Worker-14: Launching MyZuulGateway - MyZuulGatewayApplication] INFO  o.e.m.c.i.embedder.EclipseLogger - Copying 0 resource
2020-04-29 20:20:43,085 [Worker-14: Launching MyZuulGateway - MyZuulGatewayApplication] INFO  o.e.m.c.i.embedder.EclipseLogger - Using 'UTF-8' encoding to copy filtered resources.
2020-04-29 20:20:43,085 [Worker-14: Launching MyZuulGateway - MyZuulGatewayApplication] INFO  o.e.m.c.i.embedder.EclipseLogger - skip non existing resourceDirectory C:\Users\dirit\Desktop\shubshrivatsa\MyZuulGateway\src\test\resources
2020-04-29 20:27:04,211 [Worker-26: Launching Employee - EmployeeApplication] INFO  o.e.m.c.i.embedder.EclipseLogger - Using 'UTF-8' encoding to copy filtered resources.
2020-04-29 20:27:04,216 [Worker-26: Launching Employee - EmployeeApplication] INFO  o.e.m.c.i.embedder.EclipseLogger - Copying 1 resource
2020-04-29 20:27:04,218 [Worker-26: Launching Employee - EmployeeApplication] INFO  o.e.m.c.i.embedder.EclipseLogger - Copying 0 resource
2020-04-29 20:27:04,223 [Worker-26: Launching Employee - EmployeeApplication] INFO  o.e.m.c.i.embedder.EclipseLogger - Using 'UTF-8' encoding to copy filtered resources.
2020-04-29 20:27:04,224 [Worker-26: Launching Employee - EmployeeApplication] INFO  o.e.m.c.i.embedder.EclipseLogger - skip non existing resourceDirectory C:\Users\dirit\Desktop\shubshrivatsa\Employee\src\test\resources
2020-04-29 20:44:57,265 [Worker-14: Launching Project - ProjectApplication] INFO  o.e.m.c.i.embedder.EclipseLogger - Using 'UTF-8' encoding to copy filtered resources.
2020-04-29 20:44:57,266 [Worker-14: Launching Project - ProjectApplication] INFO  o.e.m.c.i.embedder.EclipseLogger - Copying 1 resource
2020-04-29 20:44:57,268 [Worker-14: Launching Project - ProjectApplication] INFO  o.e.m.c.i.embedder.EclipseLogger - Copying 0 resource
2020-04-29 20:44:57,272 [Worker-14: Launching Project - ProjectApplication] INFO  o.e.m.c.i.embedder.EclipseLogger - Using 'UTF-8' encoding to copy filtered resources.
2020-04-29 20:44:57,272 [Worker-14: Launching Project - ProjectApplication] INFO  o.e.m.c.i.embedder.EclipseLogger - skip non existing resourceDirectory C:\Users\dirit\Desktop\shubshrivatsa\Project\src\test\resources
2020-04-29 20:46:13,078 [Worker-30: Launching Project - ProjectApplication] INFO  o.e.m.c.i.embedder.EclipseLogger - Using 'UTF-8' encoding to copy filtered resources.
2020-04-29 20:46:13,079 [Worker-30: Launching Project - ProjectApplication] INFO  o.e.m.c.i.embedder.EclipseLogger - Copying 1 resource
2020-04-29 20:46:13,080 [Worker-30: Launching Project - ProjectApplication] INFO  o.e.m.c.i.embedder.EclipseLogger - Copying 0 resource
2020-04-29 20:46:13,084 [Worker-30: Launching Project - ProjectApplication] INFO  o.e.m.c.i.embedder.EclipseLogger - Using 'UTF-8' encoding to copy filtered resources.
2020-04-29 20:46:13,084 [Worker-30: Launching Project - ProjectApplication] INFO  o.e.m.c.i.embedder.EclipseLogger - skip non existing resourceDirectory C:\Users\dirit\Desktop\shubshrivatsa\Project\src\test\resources
2020-04-29 21:15:16,854 [Worker-21: Launching Project - ProjectApplication] INFO  o.e.m.c.i.embedder.EclipseLogger - Using 'UTF-8' encoding to copy filtered resources.
2020-04-29 21:15:16,855 [Worker-21: Launching Project - ProjectApplication] INFO  o.e.m.c.i.embedder.EclipseLogger - Copying 1 resource
2020-04-29 21:15:16,856 [Worker-21: Launching Project - ProjectApplication] INFO  o.e.m.c.i.embedder.EclipseLogger - Copying 0 resource
2020-04-29 21:15:16,860 [Worker-21: Launching Project - ProjectApplication] INFO  o.e.m.c.i.embedder.EclipseLogger - Using 'UTF-8' encoding to copy filtered resources.
2020-04-29 21:15:16,860 [Worker-21: Launching Project - ProjectApplication] INFO  o.e.m.c.i.embedder.EclipseLogger - skip non existing resourceDirectory C:\Users\dirit\Desktop\shubshrivatsa\Project\src\test\resources
2020-04-29 21:35:38,349 [Worker-44: Launching Project - ProjectApplication] INFO  o.e.m.c.i.embedder.EclipseLogger - Using 'UTF-8' encoding to copy filtered resources.
2020-04-29 21:35:38,401 [Worker-44: Launching Project - ProjectApplication] INFO  o.e.m.c.i.embedder.EclipseLogger - Copying 1 resource
2020-04-29 21:35:38,403 [Worker-44: Launching Project - ProjectApplication] INFO  o.e.m.c.i.embedder.EclipseLogger - Copying 0 resource
2020-04-29 21:35:38,409 [Worker-44: Launching Project - ProjectApplication] INFO  o.e.m.c.i.embedder.EclipseLogger - Using 'UTF-8' encoding to copy filtered resources.
2020-04-29 21:35:38,409 [Worker-44: Launching Project - ProjectApplication] INFO  o.e.m.c.i.embedder.EclipseLogger - skip non existing resourceDirectory C:\Users\dirit\Desktop\shubshrivatsa\Project\src\test\resources
2020-04-29 21:37:11,824 [Worker-44: Launching Project - ProjectApplication] INFO  o.e.m.c.i.embedder.EclipseLogger - Using 'UTF-8' encoding to copy filtered resources.
2020-04-29 21:37:11,825 [Worker-44: Launching Project - ProjectApplication] INFO  o.e.m.c.i.embedder.EclipseLogger - Copying 1 resource
2020-04-29 21:37:11,828 [Worker-44: Launching Project - ProjectApplication] INFO  o.e.m.c.i.embedder.EclipseLogger - Copying 0 resource
2020-04-29 21:37:11,831 [Worker-44: Launching Project - ProjectApplication] INFO  o.e.m.c.i.embedder.EclipseLogger - Using 'UTF-8' encoding to copy filtered resources.
2020-04-29 21:37:11,832 [Worker-44: Launching Project - ProjectApplication] INFO  o.e.m.c.i.embedder.EclipseLogger - skip non existing resourceDirectory C:\Users\dirit\Desktop\shubshrivatsa\Project\src\test\resources
2020-04-29 21:50:26,149 [Worker-50: Launching Employee - EmployeeApplication] INFO  o.e.m.c.i.embedder.EclipseLogger - Using 'UTF-8' encoding to copy filtered resources.
2020-04-29 21:50:26,151 [Worker-50: Launching Employee - EmployeeApplication] INFO  o.e.m.c.i.embedder.EclipseLogger - Copying 1 resource
2020-04-29 21:50:26,152 [Worker-50: Launching Employee - EmployeeApplication] INFO  o.e.m.c.i.embedder.EclipseLogger - Copying 0 resource
2020-04-29 21:50:26,157 [Worker-50: Launching Employee - EmployeeApplication] INFO  o.e.m.c.i.embedder.EclipseLogger - Using 'UTF-8' encoding to copy filtered resources.
2020-04-29 21:50:26,157 [Worker-50: Launching Employee - EmployeeApplication] INFO  o.e.m.c.i.embedder.EclipseLogger - skip non existing resourceDirectory C:\Users\dirit\Desktop\shubshrivatsa\Employee\src\test\resources
2020-04-29 22:25:26,970 [Worker-56: Updating Maven Project] INFO  o.e.m.c.i.p.ProjectConfigurationManager - Update started
2020-04-29 22:25:27,415 [Worker-56: Updating Maven Project] INFO  o.e.m.c.i.l.LifecycleMappingFactory - Using org.eclipse.m2e.jdt.JarLifecycleMapping lifecycle mapping for MavenProject: com.cts.2BA:Employee:0.0.1-SNAPSHOT @ C:\Users\dirit\Desktop\shubshrivatsa\Employee\pom.xml.
2020-04-29 22:25:29,889 [Worker-56: Updating Maven Project] INFO  o.e.m.j.i.AbstractJavaProjectConfigurator - Adding source folder /Employee/src/main/java
2020-04-29 22:25:29,890 [Worker-56: Updating Maven Project] INFO  o.e.m.j.i.AbstractJavaProjectConfigurator - Adding resource folder /Employee/src/main/resources
2020-04-29 22:25:29,894 [Worker-56: Updating Maven Project] INFO  o.e.m.j.i.AbstractJavaProjectConfigurator - Adding resource folder /Employee/src/main/resources
2020-04-29 22:25:29,899 [Worker-56: Updating Maven Project] INFO  o.e.m.j.i.AbstractJavaProjectConfigurator - Adding source folder /Employee/src/test/java
2020-04-29 22:25:32,293 [Worker-56: Updating Maven Project] INFO  o.e.m.c.i.p.ProjectConfigurationManager - Update completed: 5 sec
2020-04-29 22:29:25,647 [Worker-59: Launching Employee - EmployeeApplication] INFO  o.e.m.c.i.embedder.EclipseLogger - Using 'UTF-8' encoding to copy filtered resources.
2020-04-29 22:29:25,648 [Worker-59: Launching Employee - EmployeeApplication] INFO  o.e.m.c.i.embedder.EclipseLogger - Copying 1 resource
2020-04-29 22:29:25,651 [Worker-59: Launching Employee - EmployeeApplication] INFO  o.e.m.c.i.embedder.EclipseLogger - Copying 0 resource
2020-04-29 22:29:25,654 [Worker-59: Launching Employee - EmployeeApplication] INFO  o.e.m.c.i.embedder.EclipseLogger - Using 'UTF-8' encoding to copy filtered resources.
2020-04-29 22:29:25,654 [Worker-59: Launching Employee - EmployeeApplication] INFO  o.e.m.c.i.embedder.EclipseLogger - skip non existing resourceDirectory C:\Users\dirit\Desktop\shubshrivatsa\Employee\src\test\resources
2020-04-29 22:35:10,515 [Worker-57: Launching Employee - EmployeeApplication] INFO  o.e.m.c.i.embedder.EclipseLogger - Using 'UTF-8' encoding to copy filtered resources.
2020-04-29 22:35:10,517 [Worker-57: Launching Employee - EmployeeApplication] INFO  o.e.m.c.i.embedder.EclipseLogger - Copying 1 resource
2020-04-29 22:35:10,518 [Worker-57: Launching Employee - EmployeeApplication] INFO  o.e.m.c.i.embedder.EclipseLogger - Copying 0 resource
2020-04-29 22:35:10,521 [Worker-57: Launching Employee - EmployeeApplication] INFO  o.e.m.c.i.embedder.EclipseLogger - Using 'UTF-8' encoding to copy filtered resources.
2020-04-29 22:35:10,522 [Worker-57: Launching Employee - EmployeeApplication] INFO  o.e.m.c.i.embedder.EclipseLogger - skip non existing resourceDirectory C:\Users\dirit\Desktop\shubshrivatsa\Employee\src\test\resources
2020-04-29 23:30:04,016 [Worker-56: Launching Employee - EmployeeApplication] INFO  o.e.m.c.i.embedder.EclipseLogger - Using 'UTF-8' encoding to copy filtered resources.
2020-04-29 23:30:04,025 [Worker-56: Launching Employee - EmployeeApplication] INFO  o.e.m.c.i.embedder.EclipseLogger - Copying 1 resource
2020-04-29 23:30:04,028 [Worker-56: Launching Employee - EmployeeApplication] INFO  o.e.m.c.i.embedder.EclipseLogger - Copying 0 resource
2020-04-29 23:30:04,032 [Worker-56: Launching Employee - EmployeeApplication] INFO  o.e.m.c.i.embedder.EclipseLogger - Using 'UTF-8' encoding to copy filtered resources.
2020-04-29 23:30:04,033 [Worker-56: Launching Employee - EmployeeApplication] INFO  o.e.m.c.i.embedder.EclipseLogger - skip non existing resourceDirectory C:\Users\dirit\Desktop\shubshrivatsa\Employee\src\test\resources
2020-04-29 23:36:36,833 [Worker-56: Launching Employee - EmployeeApplication] INFO  o.e.m.c.i.embedder.EclipseLogger - Using 'UTF-8' encoding to copy filtered resources.
2020-04-29 23:36:36,833 [Worker-56: Launching Employee - EmployeeApplication] INFO  o.e.m.c.i.embedder.EclipseLogger - Copying 1 resource
2020-04-29 23:36:36,835 [Worker-56: Launching Employee - EmployeeApplication] INFO  o.e.m.c.i.embedder.EclipseLogger - Copying 0 resource
2020-04-29 23:36:36,839 [Worker-56: Launching Employee - EmployeeApplication] INFO  o.e.m.c.i.embedder.EclipseLogger - Using 'UTF-8' encoding to copy filtered resources.
2020-04-29 23:36:36,839 [Worker-56: Launching Employee - EmployeeApplication] INFO  o.e.m.c.i.embedder.EclipseLogger - skip non existing resourceDirectory C:\Users\dirit\Desktop\shubshrivatsa\Employee\src\test\resources
2020-04-29 23:47:31,359 [Worker-62: Launching Employee - EmployeeApplication] INFO  o.e.m.c.i.embedder.EclipseLogger - Using 'UTF-8' encoding to copy filtered resources.
2020-04-29 23:47:31,361 [Worker-62: Launching Employee - EmployeeApplication] INFO  o.e.m.c.i.embedder.EclipseLogger - Copying 1 resource
2020-04-29 23:47:31,364 [Worker-62: Launching Employee - EmployeeApplication] INFO  o.e.m.c.i.embedder.EclipseLogger - Copying 0 resource
2020-04-29 23:47:31,369 [Worker-62: Launching Employee - EmployeeApplication] INFO  o.e.m.c.i.embedder.EclipseLogger - Using 'UTF-8' encoding to copy filtered resources.
2020-04-29 23:47:31,370 [Worker-62: Launching Employee - EmployeeApplication] INFO  o.e.m.c.i.embedder.EclipseLogger - skip non existing resourceDirectory C:\Users\dirit\Desktop\shubshrivatsa\Employee\src\test\resources
2020-04-30 00:00:07,050 [Worker-65: Updating Maven Project] INFO  o.e.m.c.i.p.ProjectConfigurationManager - Update started
2020-04-30 00:00:07,368 [Worker-65: Updating Maven Project] INFO  o.e.m.c.i.l.LifecycleMappingFactory - Using org.eclipse.m2e.jdt.JarLifecycleMapping lifecycle mapping for MavenProject: com.example:Project:0.0.1-SNAPSHOT @ C:\Users\dirit\Desktop\shubshrivatsa\Project\pom.xml.
2020-04-30 00:00:08,825 [Worker-65: Updating Maven Project] INFO  o.e.m.j.i.AbstractJavaProjectConfigurator - Adding source folder /Project/src/main/java
2020-04-30 00:00:08,825 [Worker-65: Updating Maven Project] INFO  o.e.m.j.i.AbstractJavaProjectConfigurator - Adding resource folder /Project/src/main/resources
2020-04-30 00:00:08,826 [Worker-65: Updating Maven Project] INFO  o.e.m.j.i.AbstractJavaProjectConfigurator - Adding resource folder /Project/src/main/resources
2020-04-30 00:00:08,827 [Worker-65: Updating Maven Project] INFO  o.e.m.j.i.AbstractJavaProjectConfigurator - Adding source folder /Project/src/test/java
2020-04-30 00:00:09,418 [Worker-65: Updating Maven Project] INFO  o.e.m.c.i.p.ProjectConfigurationManager - Update completed: 2 sec
2020-04-30 00:02:24,092 [Worker-65: Updating Maven Project] INFO  o.e.m.c.i.p.ProjectConfigurationManager - Update started
2020-04-30 00:02:24,686 [Worker-65: Updating Maven Project] INFO  o.e.m.c.i.l.LifecycleMappingFactory - Using org.eclipse.m2e.jdt.JarLifecycleMapping lifecycle mapping for MavenProject: com.cts.2BA:MyZuulGateway:0.0.1-SNAPSHOT @ C:\Users\dirit\Desktop\shubshrivatsa\MyZuulGateway\pom.xml.
2020-04-30 00:02:25,960 [Worker-65: Updating Maven Project] INFO  o.e.m.j.i.AbstractJavaProjectConfigurator - Adding source folder /MyZuulGateway/src/main/java
2020-04-30 00:02:25,960 [Worker-65: Updating Maven Project] INFO  o.e.m.j.i.AbstractJavaProjectConfigurator - Adding resource folder /MyZuulGateway/src/main/resources
2020-04-30 00:02:25,960 [Worker-65: Updating Maven Project] INFO  o.e.m.j.i.AbstractJavaProjectConfigurator - Adding resource folder /MyZuulGateway/src/main/resources
2020-04-30 00:02:25,961 [Worker-65: Updating Maven Project] INFO  o.e.m.j.i.AbstractJavaProjectConfigurator - Adding source folder /MyZuulGateway/src/test/java
2020-04-30 00:02:26,398 [Worker-65: Updating Maven Project] INFO  o.e.m.c.i.p.ProjectConfigurationManager - Update completed: 2 sec
2020-04-30 00:02:37,307 [Worker-62: Launching MyZuulGateway - MyZuulGatewayApplication] INFO  o.e.m.c.i.embedder.EclipseLogger - Using 'UTF-8' encoding to copy filtered resources.
2020-04-30 00:02:37,308 [Worker-62: Launching MyZuulGateway - MyZuulGatewayApplication] INFO  o.e.m.c.i.embedder.EclipseLogger - Copying 1 resource
2020-04-30 00:02:37,309 [Worker-62: Launching MyZuulGateway - MyZuulGatewayApplication] INFO  o.e.m.c.i.embedder.EclipseLogger - Copying 0 resource
2020-04-30 00:02:37,314 [Worker-62: Launching MyZuulGateway - MyZuulGatewayApplication] INFO  o.e.m.c.i.embedder.EclipseLogger - Using 'UTF-8' encoding to copy filtered resources.
2020-04-30 00:02:37,315 [Worker-62: Launching MyZuulGateway - MyZuulGatewayApplication] INFO  o.e.m.c.i.embedder.EclipseLogger - skip non existing resourceDirectory C:\Users\dirit\Desktop\shubshrivatsa\MyZuulGateway\src\test\resources
2020-04-30 00:04:43,851 [Worker-64: Launching Project - ProjectApplication] INFO  o.e.m.c.i.embedder.EclipseLogger - Using 'UTF-8' encoding to copy filtered resources.
2020-04-30 00:04:43,851 [Worker-64: Launching Project - ProjectApplication] INFO  o.e.m.c.i.embedder.EclipseLogger - Copying 1 resource
2020-04-30 00:04:43,853 [Worker-64: Launching Project - ProjectApplication] INFO  o.e.m.c.i.embedder.EclipseLogger - Copying 0 resource
2020-04-30 00:04:43,856 [Worker-64: Launching Project - ProjectApplication] INFO  o.e.m.c.i.embedder.EclipseLogger - Using 'UTF-8' encoding to copy filtered resources.
2020-04-30 00:04:43,856 [Worker-64: Launching Project - ProjectApplication] INFO  o.e.m.c.i.embedder.EclipseLogger - skip non existing resourceDirectory C:\Users\dirit\Desktop\shubshrivatsa\Project\src\test\resources
2020-04-30 00:07:48,014 [Worker-57: Updating Maven Project] INFO  o.e.m.c.i.p.ProjectConfigurationManager - Update started
2020-04-30 00:07:48,395 [Worker-57: Updating Maven Project] INFO  o.e.m.c.i.l.LifecycleMappingFactory - Using org.eclipse.m2e.jdt.JarLifecycleMapping lifecycle mapping for MavenProject: com.example:Project:0.0.1-SNAPSHOT @ C:\Users\dirit\Desktop\shubshrivatsa\Project\pom.xml.
2020-04-30 00:07:49,921 [Worker-57: Updating Maven Project] INFO  o.e.m.j.i.AbstractJavaProjectConfigurator - Adding source folder /Project/src/main/java
2020-04-30 00:07:49,921 [Worker-57: Updating Maven Project] INFO  o.e.m.j.i.AbstractJavaProjectConfigurator - Adding resource folder /Project/src/main/resources
2020-04-30 00:07:49,922 [Worker-57: Updating Maven Project] INFO  o.e.m.j.i.AbstractJavaProjectConfigurator - Adding resource folder /Project/src/main/resources
2020-04-30 00:07:49,922 [Worker-57: Updating Maven Project] INFO  o.e.m.j.i.AbstractJavaProjectConfigurator - Adding source folder /Project/src/test/java
2020-04-30 00:07:50,623 [Worker-57: Updating Maven Project] INFO  o.e.m.c.i.p.ProjectConfigurationManager - Update completed: 2 sec
2020-04-30 00:09:43,112 [Worker-68: Launching Project - ProjectApplication] INFO  o.e.m.c.i.embedder.EclipseLogger - Using 'UTF-8' encoding to copy filtered resources.
2020-04-30 00:09:43,113 [Worker-68: Launching Project - ProjectApplication] INFO  o.e.m.c.i.embedder.EclipseLogger - Copying 1 resource
2020-04-30 00:09:43,117 [Worker-68: Launching Project - ProjectApplication] INFO  o.e.m.c.i.embedder.EclipseLogger - Copying 0 resource
2020-04-30 00:09:43,121 [Worker-68: Launching Project - ProjectApplication] INFO  o.e.m.c.i.embedder.EclipseLogger - Using 'UTF-8' encoding to copy filtered resources.
2020-04-30 00:09:43,121 [Worker-68: Launching Project - ProjectApplication] INFO  o.e.m.c.i.embedder.EclipseLogger - skip non existing resourceDirectory C:\Users\dirit\Desktop\shubshrivatsa\Project\src\test\resources
2020-04-30 08:55:23,557 [Worker-3: Loading available Gradle versions] INFO  o.e.b.c.i.u.g.PublishedGradleVersions - Gradle version information cache is out-of-date. Trying to update.
2020-04-30 12:27:31,885 [Worker-4: Loading available Gradle versions] INFO  o.e.b.c.i.u.g.PublishedGradleVersions - Gradle version information cache is up-to-date. Trying to read.
2020-04-30 17:29:23,798 [Worker-0: Loading available Gradle versions] INFO  o.e.b.c.i.u.g.PublishedGradleVersions - Gradle version information cache is up-to-date. Trying to read.
2020-04-30 21:03:00,807 [Worker-4: Loading available Gradle versions] INFO  o.e.b.c.i.u.g.PublishedGradleVersions - Gradle version information cache is up-to-date. Trying to read.
2020-04-30 21:10:05,513 [Worker-9: Launching MyEurekaServer - MyEurekaServerApplication] INFO  o.e.m.c.i.embedder.EclipseLogger - Using 'UTF-8' encoding to copy filtered resources.
2020-04-30 21:10:05,547 [Worker-9: Launching MyEurekaServer - MyEurekaServerApplication] INFO  o.e.m.c.i.embedder.EclipseLogger - Copying 1 resource
2020-04-30 21:10:05,616 [Worker-9: Launching MyEurekaServer - MyEurekaServerApplication] INFO  o.e.m.c.i.embedder.EclipseLogger - Copying 0 resource
2020-04-30 21:10:05,622 [Worker-9: Launching MyEurekaServer - MyEurekaServerApplication] INFO  o.e.m.c.i.embedder.EclipseLogger - Using 'UTF-8' encoding to copy filtered resources.
2020-04-30 21:10:05,622 [Worker-9: Launching MyEurekaServer - MyEurekaServerApplication] INFO  o.e.m.c.i.embedder.EclipseLogger - skip non existing resourceDirectory C:\Users\dirit\Desktop\shubshrivatsa\MyEurekaServer\src\test\resources
2020-04-30 21:10:38,975 [Worker-8: Launching Employee - EmployeeApplication] INFO  o.e.m.c.i.embedder.EclipseLogger - Using 'UTF-8' encoding to copy filtered resources.
2020-04-30 21:10:38,976 [Worker-8: Launching Employee - EmployeeApplication] INFO  o.e.m.c.i.embedder.EclipseLogger - Copying 1 resource
2020-04-30 21:10:38,979 [Worker-8: Launching Employee - EmployeeApplication] INFO  o.e.m.c.i.embedder.EclipseLogger - Copying 0 resource
2020-04-30 21:10:38,984 [Worker-8: Launching Employee - EmployeeApplication] INFO  o.e.m.c.i.embedder.EclipseLogger - Using 'UTF-8' encoding to copy filtered resources.
2020-04-30 21:10:38,984 [Worker-8: Launching Employee - EmployeeApplication] INFO  o.e.m.c.i.embedder.EclipseLogger - skip non existing resourceDirectory C:\Users\dirit\Desktop\shubshrivatsa\Employee\src\test\resources
2020-04-30 21:10:56,460 [Worker-2: Launching MyZuulGateway - MyZuulGatewayApplication] INFO  o.e.m.c.i.embedder.EclipseLogger - Using 'UTF-8' encoding to copy filtered resources.
2020-04-30 21:10:56,461 [Worker-2: Launching MyZuulGateway - MyZuulGatewayApplication] INFO  o.e.m.c.i.embedder.EclipseLogger - Copying 1 resource
2020-04-30 21:10:56,464 [Worker-2: Launching MyZuulGateway - MyZuulGatewayApplication] INFO  o.e.m.c.i.embedder.EclipseLogger - Copying 0 resource
2020-04-30 21:10:56,487 [Worker-2: Launching MyZuulGateway - MyZuulGatewayApplication] INFO  o.e.m.c.i.embedder.EclipseLogger - Using 'UTF-8' encoding to copy filtered resources.
2020-04-30 21:10:56,487 [Worker-2: Launching MyZuulGateway - MyZuulGatewayApplication] INFO  o.e.m.c.i.embedder.EclipseLogger - skip non existing resourceDirectory C:\Users\dirit\Desktop\shubshrivatsa\MyZuulGateway\src\test\resources
2020-04-30 21:15:05,638 [Worker-0: Launching MyZuulGateway - MyZuulGatewayApplication] INFO  o.e.m.c.i.embedder.EclipseLogger - Using 'UTF-8' encoding to copy filtered resources.
2020-04-30 21:15:05,645 [Worker-0: Launching MyZuulGateway - MyZuulGatewayApplication] INFO  o.e.m.c.i.embedder.EclipseLogger - Copying 1 resource
2020-04-30 21:15:05,647 [Worker-0: Launching MyZuulGateway - MyZuulGatewayApplication] INFO  o.e.m.c.i.embedder.EclipseLogger - Copying 0 resource
2020-04-30 21:15:05,651 [Worker-0: Launching MyZuulGateway - MyZuulGatewayApplication] INFO  o.e.m.c.i.embedder.EclipseLogger - Using 'UTF-8' encoding to copy filtered resources.
2020-04-30 21:15:05,651 [Worker-0: Launching MyZuulGateway - MyZuulGatewayApplication] INFO  o.e.m.c.i.embedder.EclipseLogger - skip non existing resourceDirectory C:\Users\dirit\Desktop\shubshrivatsa\MyZuulGateway\src\test\resources
